{
  "functionStartTime": "16/4/2026, 10:54:02 pm",
  "functionEndTime": "16/4/2026, 10:54:02 pm",
  "sqlPeriod": "20260416103011045",
  "periodFromAPI": "20260416103011045",
  "newPeriod": "20260416103011046",
  "oldPeriod": "20260416103011045",
  "adminControl": "-1",
  "apiResponseTime": "123ms",
  "resultAmount": "8",
  "attempts": 0
}

{
  "functionStartTime": "16/4/2026, 10:55:01 pm",
  "functionEndTime": "16/4/2026, 10:55:02 pm",
  "sqlPeriod": "20260416103011046",
  "periodFromAPI": "20260416103011046",
  "newPeriod": "20260416103011047",
  "oldPeriod": "20260416103011046",
  "adminControl": "-1",
  "apiResponseTime": "120ms",
  "resultAmount": "5",
  "attempts": 0
}

{
  "functionStartTime": "16/4/2026, 10:56:01 pm",
  "functionEndTime": "16/4/2026, 10:56:02 pm",
  "sqlPeriod": "20260416103011046",
  "periodFromAPI": "20260416103011047",
  "newPeriod": "20260416103011047",
  "oldPeriod": "20260416103011046",
  "adminControl": "-1",
  "apiResponseTime": "155ms",
  "resultAmount": "4",
  "attempts": 0
}

{
  "functionStartTime": "16/4/2026, 10:57:02 pm",
  "functionEndTime": "16/4/2026, 10:57:03 pm",
  "sqlPeriod": "20260416103011047",
  "periodFromAPI": "20260416103011048",
  "newPeriod": "20260416103011048",
  "oldPeriod": "20260416103011047",
  "adminControl": "-1",
  "apiResponseTime": "132ms",
  "resultAmount": "9",
  "attempts": 0
}

{
  "functionStartTime": "16/4/2026, 10:58:02 pm",
  "functionEndTime": "16/4/2026, 10:58:03 pm",
  "sqlPeriod": "20260416103011048",
  "periodFromAPI": "20260416103011049",
  "newPeriod": "20260416103011049",
  "oldPeriod": "20260416103011048",
  "adminControl": "-1",
  "apiResponseTime": "115ms",
  "resultAmount": "6",
  "attempts": 0
}

{
  "functionStartTime": "16/4/2026, 10:59:02 pm",
  "functionEndTime": "16/4/2026, 10:59:02 pm",
  "sqlPeriod": "20260416103011049",
  "periodFromAPI": "20260416103011050",
  "newPeriod": "20260416103011050",
  "oldPeriod": "20260416103011049",
  "adminControl": "-1",
  "apiResponseTime": "120ms",
  "resultAmount": "8",
  "attempts": 0
}

